# JRE version: Java(TM) SE Runtime Environment (20.0.2+9) (build 20.0.2+9-78)
# Java VM: Java HotSpot(TM) 64-Bit Server VM (20.0.2+9-78, mixed mode, sharing, tiered, compressed oops, compressed class ptrs, g1 gc, windows-amd64)
GC Precious Log:
 CardTable entry size: 512
 Card Set container configuration: InlinePtr #cards 5 size 8 Array Of Cards #cards 12 size 40 Howl #buckets 4 coarsen threshold 1843 Howl Bitmap #cards 512 size 80 coarsen threshold 460 Card regions per heap region 1 cards per card region 2048
 CPUs: 8 total, 8 available
 Memory: 6090M
 Large Page Support: Disabled
 NUMA Support: Disabled
 Compressed Oops: Enabled (32-bit)
 Heap Region Size: 1M
 Heap Min Capacity: 8M
 Heap Initial Capacity: 96M
 Heap Max Capacity: 1524M
 Pre-touch: Disabled
 Parallel Workers: 8
 Concurrent Workers: 2
 Concurrent Refinement Workers: 8
 Periodic GC: Disabled
Heap:
 garbage-first heap   total 196608K, used 147098K [0x00000000a0c00000, 0x0000000100000000)
  region size 1024K, 45 young (46080K), 6 survivors (6144K)
 Metaspace       used 59360K, committed 60160K, reserved 1114112K
  class space    used 6534K, committed 6912K, reserved 1048576K
GC Heap History (20 events):
Event: 62.489 GC heap before
{Heap before GC invocations=26 (full 0):
 garbage-first heap   total 122880K, used 103424K [0x00000000a0c00000, 0x0000000100000000)
  region size 1024K, 33 young (33792K), 3 survivors (3072K)
 Metaspace       used 50981K, committed 51712K, reserved 1114112K
  class space    used 5975K, committed 6336K, reserved 1048576K
}
Event: 62.513 GC heap after
{Heap after GC invocations=27 (full 0):
 garbage-first heap   total 122880K, used 75823K [0x00000000a0c00000, 0x0000000100000000)
  region size 1024K, 3 young (3072K), 3 survivors (3072K)
 Metaspace       used 50981K, committed 51712K, reserved 1114112K
  class space    used 5975K, committed 6336K, reserved 1048576K
}
Event: 66.951 GC heap before
{Heap before GC invocations=28 (full 0):
 garbage-first heap   total 142336K, used 113711K [0x00000000a0c00000, 0x0000000100000000)
  region size 1024K, 37 young (37888K), 3 survivors (3072K)
 Metaspace       used 53686K, committed 54464K, reserved 1114112K
  class space    used 6227K, committed 6592K, reserved 1048576K
}
Event: 66.966 GC heap after
{Heap after GC invocations=29 (full 0):
 garbage-first heap   total 142336K, used 81819K [0x00000000a0c00000, 0x0000000100000000)
  region size 1024K, 5 young (5120K), 5 survivors (5120K)
 Metaspace       used 53686K, committed 54464K, reserved 1114112K
  class space    used 6227K, committed 6592K, reserved 1048576K
}
Event: 72.951 GC heap before
{Heap before GC invocations=29 (full 0):
 garbage-first heap   total 142336K, used 127899K [0x00000000a0c00000, 0x0000000100000000)
  region size 1024K, 50 young (51200K), 5 survivors (5120K)
 Metaspace       used 55594K, committed 56384K, reserved 1114112K
  class space    used 6336K, committed 6720K, reserved 1048576K
}
Event: 72.984 GC heap after
{Heap after GC invocations=30 (full 0):
 garbage-first heap   total 142336K, used 84762K [0x00000000a0c00000, 0x0000000100000000)
  region size 1024K, 7 young (7168K), 7 survivors (7168K)
 Metaspace       used 55594K, committed 56384K, reserved 1114112K
  class space    used 6336K, committed 6720K, reserved 1048576K
}
Event: 82.252 GC heap before
{Heap before GC invocations=30 (full 0):
 garbage-first heap   total 142336K, used 126746K [0x00000000a0c00000, 0x0000000100000000)
  region size 1024K, 48 young (49152K), 7 survivors (7168K)
 Metaspace       used 57115K, committed 57920K, reserved 1114112K
  class space    used 6444K, committed 6848K, reserved 1048576K
}
Event: 82.291 GC heap after
{Heap after GC invocations=31 (full 0):
 garbage-first heap   total 142336K, used 90963K [0x00000000a0c00000, 0x0000000100000000)
  region size 1024K, 6 young (6144K), 6 survivors (6144K)
 Metaspace       used 57115K, committed 57920K, reserved 1114112K
  class space    used 6444K, committed 6848K, reserved 1048576K
}
Event: 91.313 GC heap before
{Heap before GC invocations=32 (full 0):
 garbage-first heap   total 153600K, used 127827K [0x00000000a0c00000, 0x0000000100000000)
  region size 1024K, 42 young (43008K), 6 survivors (6144K)
 Metaspace       used 57587K, committed 58368K, reserved 1114112K
  class space    used 6481K, committed 6912K, reserved 1048576K
}
Event: 91.341 GC heap after
{Heap after GC invocations=33 (full 0):
 garbage-first heap   total 153600K, used 95373K [0x00000000a0c00000, 0x0000000100000000)
  region size 1024K, 5 young (5120K), 5 survivors (5120K)
 Metaspace       used 57587K, committed 58368K, reserved 1114112K
  class space    used 6481K, committed 6912K, reserved 1048576K
}
Event: 98.933 GC heap before
{Heap before GC invocations=33 (full 0):
 garbage-first heap   total 153600K, used 138381K [0x00000000a0c00000, 0x0000000100000000)
  region size 1024K, 47 young (48128K), 5 survivors (5120K)
 Metaspace       used 57892K, committed 58752K, reserved 1114112K
  class space    used 6484K, committed 6912K, reserved 1048576K
}
Event: 98.962 GC heap after
{Heap after GC invocations=34 (full 0):
 garbage-first heap   total 153600K, used 96755K [0x00000000a0c00000, 0x0000000100000000)
  region size 1024K, 3 young (3072K), 3 survivors (3072K)
 Metaspace       used 57892K, committed 58752K, reserved 1114112K
  class space    used 6484K, committed 6912K, reserved 1048576K
}
Event: 109.813 GC heap before
{Heap before GC invocations=34 (full 0):
 garbage-first heap   total 153600K, used 139763K [0x00000000a0c00000, 0x0000000100000000)
  region size 1024K, 45 young (46080K), 3 survivors (3072K)
 Metaspace       used 58126K, committed 59008K, reserved 1114112K
  class space    used 6486K, committed 6912K, reserved 1048576K
}
Event: 109.833 GC heap after
{Heap after GC invocations=35 (full 0):
 garbage-first heap   total 153600K, used 100039K [0x00000000a0c00000, 0x0000000100000000)
  region size 1024K, 6 young (6144K), 6 survivors (6144K)
 Metaspace       used 58126K, committed 59008K, reserved 1114112K
  class space    used 6486K, committed 6912K, reserved 1048576K
}
Event: 121.031 GC heap before
{Heap before GC invocations=36 (full 0):
 garbage-first heap   total 168960K, used 137927K [0x00000000a0c00000, 0x0000000100000000)
  region size 1024K, 43 young (44032K), 6 survivors (6144K)
 Metaspace       used 58353K, committed 59200K, reserved 1114112K
  class space    used 6489K, committed 6912K, reserved 1048576K
}
Event: 121.072 GC heap after
{Heap after GC invocations=37 (full 0):
 garbage-first heap   total 168960K, used 103058K [0x00000000a0c00000, 0x0000000100000000)
  region size 1024K, 6 young (6144K), 6 survivors (6144K)
 Metaspace       used 58353K, committed 59200K, reserved 1114112K
  class space    used 6489K, committed 6912K, reserved 1048576K
}
Event: 126.265 GC heap before
{Heap before GC invocations=37 (full 0):
 garbage-first heap   total 168960K, used 153234K [0x00000000a0c00000, 0x0000000100000000)
  region size 1024K, 55 young (56320K), 6 survivors (6144K)
 Metaspace       used 58575K, committed 59456K, reserved 1114112K
  class space    used 6490K, committed 6912K, reserved 1048576K
}
Event: 126.298 GC heap after
{Heap after GC invocations=38 (full 0):
 garbage-first heap   total 168960K, used 104493K [0x00000000a0c00000, 0x0000000100000000)
  region size 1024K, 6 young (6144K), 6 survivors (6144K)
 Metaspace       used 58575K, committed 59456K, reserved 1114112K
  class space    used 6490K, committed 6912K, reserved 1048576K
}
Event: 140.280 GC heap before
{Heap before GC invocations=38 (full 0):
 garbage-first heap   total 168960K, used 152621K [0x00000000a0c00000, 0x0000000100000000)
  region size 1024K, 53 young (54272K), 6 survivors (6144K)
 Metaspace       used 59078K, committed 59904K, reserved 1114112K
  class space    used 6523K, committed 6912K, reserved 1048576K
}
Event: 140.319 GC heap after
{Heap after GC invocations=39 (full 0):
 garbage-first heap   total 168960K, used 108186K [0x00000000a0c00000, 0x0000000100000000)
  region size 1024K, 6 young (6144K), 6 survivors (6144K)
 Metaspace       used 59078K, committed 59904K, reserved 1114112K
  class space    used 6523K, committed 6912K, reserved 1048576K
}

